{
  message: 'Database is connected successfully',
  level: 'info',
  label: 'Author',
  timestamp: '2023-06-20T06:45:10.150Z'
}
{
  message: 'Application listening on port 5000',
  level: 'info',
  label: 'Author',
  timestamp: '2023-06-20T06:45:10.176Z'
}
{
  message: 'Database is connected successfully',
  level: 'info',
  label: 'Author',
  timestamp: '2023-06-20T06:53:00.656Z'
}
{
  message: 'Application listening on port 5000',
  level: 'info',
  label: 'Author',
  timestamp: '2023-06-20T06:53:00.688Z'
}
{
  message: 'Database is connected successfully',
  level: 'info',
  label: 'Author',
  timestamp: '2023-06-20T06:58:53.203Z'
}
{
  message: 'Application listening on port 5000',
  level: 'info',
  label: 'Author',
  timestamp: '2023-06-20T06:58:53.262Z'
}
