{
  message: 'Database is connected successfully',
  level: 'info',
  label: 'Author',
  timestamp: '2023-06-26T16:25:04.669Z'
}
{
  message: 'Application listening on port 5000',
  level: 'info',
  label: 'Author',
  timestamp: '2023-06-26T16:25:04.755Z'
}
{
  message: 'Database is connected successfully',
  level: 'info',
  label: 'Author',
  timestamp: '2023-06-26T16:26:38.473Z'
}
{
  message: 'Application listening on port 5000',
  level: 'info',
  label: 'Author',
  timestamp: '2023-06-26T16:26:38.574Z'
}
{
  message: 'Database is connected successfully',
  level: 'info',
  label: 'Author',
  timestamp: '2023-06-26T16:29:12.490Z'
}
{
  message: 'Application listening on port 5000',
  level: 'info',
  label: 'Author',
  timestamp: '2023-06-26T16:29:12.603Z'
}
{
  message: 'Database is connected successfully',
  level: 'info',
  label: 'Author',
  timestamp: '2023-06-26T16:31:51.596Z'
}
{
  message: 'Application listening on port 5000',
  level: 'info',
  label: 'Author',
  timestamp: '2023-06-26T16:31:51.670Z'
}
{
  message: 'Database is connected successfully',
  level: 'info',
  label: 'Author',
  timestamp: '2023-06-26T16:36:28.019Z'
}
{
  message: 'Application listening on port 5000',
  level: 'info',
  label: 'Author',
  timestamp: '2023-06-26T16:36:28.045Z'
}
{
  message: 'Database is connected successfully',
  level: 'info',
  label: 'Author',
  timestamp: '2023-06-26T16:39:31.569Z'
}
{
  message: 'Application listening on port 5000',
  level: 'info',
  label: 'Author',
  timestamp: '2023-06-26T16:39:31.607Z'
}
{
  message: 'Database is connected successfully',
  level: 'info',
  label: 'Author',
  timestamp: '2023-06-26T16:44:50.747Z'
}
{
  message: 'Application listening on port 5000',
  level: 'info',
  label: 'Author',
  timestamp: '2023-06-26T16:44:50.785Z'
}
{
  message: 'Database is connected successfully',
  level: 'info',
  label: 'Author',
  timestamp: '2023-06-26T16:54:15.376Z'
}
{
  message: 'Application listening on port 5000',
  level: 'info',
  label: 'Author',
  timestamp: '2023-06-26T16:54:15.431Z'
}
