{
  message: 'Database is connected successfully',
  level: 'info',
  label: 'Author',
  timestamp: '2023-06-26T15:14:11.847Z'
}
{
  message: 'Application listening on port 5000',
  level: 'info',
  label: 'Author',
  timestamp: '2023-06-26T15:14:11.882Z'
}
{
  message: 'Database is connected successfully',
  level: 'info',
  label: 'Author',
  timestamp: '2023-06-26T15:17:54.913Z'
}
{
  message: 'Application listening on port 5000',
  level: 'info',
  label: 'Author',
  timestamp: '2023-06-26T15:17:54.933Z'
}
{
  message: 'Database is connected successfully',
  level: 'info',
  label: 'Author',
  timestamp: '2023-06-26T15:19:18.812Z'
}
{
  message: 'Application listening on port 5000',
  level: 'info',
  label: 'Author',
  timestamp: '2023-06-26T15:19:18.842Z'
}
{
  message: 'Database is connected successfully',
  level: 'info',
  label: 'Author',
  timestamp: '2023-06-26T15:19:47.203Z'
}
{
  message: 'Application listening on port 5000',
  level: 'info',
  label: 'Author',
  timestamp: '2023-06-26T15:19:47.230Z'
}
{
  message: 'Database is connected successfully',
  level: 'info',
  label: 'Author',
  timestamp: '2023-06-26T15:25:20.725Z'
}
{
  message: 'Application listening on port 5000',
  level: 'info',
  label: 'Author',
  timestamp: '2023-06-26T15:25:20.759Z'
}
{
  message: 'Database is connected successfully',
  level: 'info',
  label: 'Author',
  timestamp: '2023-06-26T15:26:43.964Z'
}
{
  message: 'Application listening on port 5000',
  level: 'info',
  label: 'Author',
  timestamp: '2023-06-26T15:26:43.988Z'
}
{
  message: 'Database is connected successfully',
  level: 'info',
  label: 'Author',
  timestamp: '2023-06-26T15:27:16.079Z'
}
{
  message: 'Application listening on port 5000',
  level: 'info',
  label: 'Author',
  timestamp: '2023-06-26T15:27:16.101Z'
}
{
  message: 'Database is connected successfully',
  level: 'info',
  label: 'Author',
  timestamp: '2023-06-26T15:29:17.747Z'
}
{
  message: 'Application listening on port 5000',
  level: 'info',
  label: 'Author',
  timestamp: '2023-06-26T15:29:17.786Z'
}
{
  message: 'Database is connected successfully',
  level: 'info',
  label: 'Author',
  timestamp: '2023-06-26T15:30:02.781Z'
}
{
  message: 'Application listening on port 5000',
  level: 'info',
  label: 'Author',
  timestamp: '2023-06-26T15:30:02.799Z'
}
{
  message: 'Database is connected successfully',
  level: 'info',
  label: 'Author',
  timestamp: '2023-06-26T15:32:12.459Z'
}
{
  message: 'Application listening on port 5000',
  level: 'info',
  label: 'Author',
  timestamp: '2023-06-26T15:32:12.476Z'
}
{
  message: 'Database is connected successfully',
  level: 'info',
  label: 'Author',
  timestamp: '2023-06-26T15:38:34.289Z'
}
{
  message: 'Application listening on port 5000',
  level: 'info',
  label: 'Author',
  timestamp: '2023-06-26T15:38:34.318Z'
}
{
  message: 'Database is connected successfully',
  level: 'info',
  label: 'Author',
  timestamp: '2023-06-26T15:40:52.342Z'
}
{
  message: 'Application listening on port 5000',
  level: 'info',
  label: 'Author',
  timestamp: '2023-06-26T15:40:52.370Z'
}
{
  message: 'Database is connected successfully',
  level: 'info',
  label: 'Author',
  timestamp: '2023-06-26T15:45:00.221Z'
}
{
  message: 'Application listening on port 5000',
  level: 'info',
  label: 'Author',
  timestamp: '2023-06-26T15:45:00.254Z'
}
{
  message: 'Database is connected successfully',
  level: 'info',
  label: 'Author',
  timestamp: '2023-06-26T15:46:30.226Z'
}
{
  message: 'Application listening on port 5000',
  level: 'info',
  label: 'Author',
  timestamp: '2023-06-26T15:46:30.250Z'
}
{
  message: 'Database is connected successfully',
  level: 'info',
  label: 'Author',
  timestamp: '2023-06-26T15:49:17.126Z'
}
{
  message: 'Application listening on port 5000',
  level: 'info',
  label: 'Author',
  timestamp: '2023-06-26T15:49:17.161Z'
}
