{
  message: 'Database is connected successfully',
  level: 'info',
  label: 'Author',
  timestamp: '2023-06-23T16:00:49.187Z'
}
{
  message: 'Application listening on port 5000',
  level: 'info',
  label: 'Author',
  timestamp: '2023-06-23T16:00:49.377Z'
}
{
  message: 'Database is connected successfully',
  level: 'info',
  label: 'Author',
  timestamp: '2023-06-23T16:02:35.687Z'
}
{
  message: 'Application listening on port 5000',
  level: 'info',
  label: 'Author',
  timestamp: '2023-06-23T16:02:35.703Z'
}
{
  message: 'Database is connected successfully',
  level: 'info',
  label: 'Author',
  timestamp: '2023-06-23T16:02:49.062Z'
}
{
  message: 'Application listening on port 5000',
  level: 'info',
  label: 'Author',
  timestamp: '2023-06-23T16:02:49.079Z'
}
{
  message: 'Database is connected successfully',
  level: 'info',
  label: 'Author',
  timestamp: '2023-06-23T16:03:29.717Z'
}
{
  message: 'Application listening on port 5000',
  level: 'info',
  label: 'Author',
  timestamp: '2023-06-23T16:03:29.730Z'
}
{
  message: 'Database is connected successfully',
  level: 'info',
  label: 'Author',
  timestamp: '2023-06-23T16:04:21.755Z'
}
{
  message: 'Application listening on port 5000',
  level: 'info',
  label: 'Author',
  timestamp: '2023-06-23T16:04:21.782Z'
}
{
  message: 'Database is connected successfully',
  level: 'info',
  label: 'Author',
  timestamp: '2023-06-23T16:06:10.071Z'
}
{
  message: 'Application listening on port 5000',
  level: 'info',
  label: 'Author',
  timestamp: '2023-06-23T16:06:10.089Z'
}
{
  message: 'Database is connected successfully',
  level: 'info',
  label: 'Author',
  timestamp: '2023-06-23T16:26:02.877Z'
}
{
  message: 'Application listening on port 5000',
  level: 'info',
  label: 'Author',
  timestamp: '2023-06-23T16:26:02.895Z'
}
{
  message: 'Database is connected successfully',
  level: 'info',
  label: 'Author',
  timestamp: '2023-06-23T16:29:10.363Z'
}
{
  message: 'Application listening on port 5000',
  level: 'info',
  label: 'Author',
  timestamp: '2023-06-23T16:29:10.378Z'
}
{
  message: 'Database is connected successfully',
  level: 'info',
  label: 'Author',
  timestamp: '2023-06-23T16:30:16.288Z'
}
{
  message: 'Application listening on port 5000',
  level: 'info',
  label: 'Author',
  timestamp: '2023-06-23T16:30:16.309Z'
}
{
  message: 'Database is connected successfully',
  level: 'info',
  label: 'Author',
  timestamp: '2023-06-23T16:31:14.760Z'
}
{
  message: 'Application listening on port 5000',
  level: 'info',
  label: 'Author',
  timestamp: '2023-06-23T16:31:14.775Z'
}
{
  message: 'Database is connected successfully',
  level: 'info',
  label: 'Author',
  timestamp: '2023-06-23T16:35:55.639Z'
}
{
  message: 'Application listening on port 5000',
  level: 'info',
  label: 'Author',
  timestamp: '2023-06-23T16:35:55.752Z'
}
{
  message: 'Database is connected successfully',
  level: 'info',
  label: 'Author',
  timestamp: '2023-06-23T16:58:58.576Z'
}
{
  message: 'Application listening on port 5000',
  level: 'info',
  label: 'Author',
  timestamp: '2023-06-23T16:58:58.594Z'
}
